2024-12-08 01:51:08,726 - latex_web - INFO - Starting LaTeX Web application...
2024-12-08 01:51:09,270 - latex_web - INFO - Starting LaTeX Web application...
2024-12-08 01:51:13,166 - latex_web - ERROR - Unhandled error: 404 Not Found: The requested URL was not found on the server. If you entered the URL manually please check your spelling and try again.
Traceback (most recent call last):
  File "/mnt/d/知识库/Obsidian Vault/Upenn学习资源/Upenn 课程/HW 8000/tex2bbox/latex-web/backend/venv/lib/python3.10/site-packages/flask/app.py", line 1484, in full_dispatch_request
    rv = self.dispatch_request()
  File "/mnt/d/知识库/Obsidian Vault/Upenn学习资源/Upenn 课程/HW 8000/tex2bbox/latex-web/backend/venv/lib/python3.10/site-packages/flask/app.py", line 1458, in dispatch_request
    self.raise_routing_exception(req)
  File "/mnt/d/知识库/Obsidian Vault/Upenn学习资源/Upenn 课程/HW 8000/tex2bbox/latex-web/backend/venv/lib/python3.10/site-packages/flask/app.py", line 1440, in raise_routing_exception
    raise request.routing_exception  # type: ignore
  File "/mnt/d/知识库/Obsidian Vault/Upenn学习资源/Upenn 课程/HW 8000/tex2bbox/latex-web/backend/venv/lib/python3.10/site-packages/flask/ctx.py", line 353, in match_request
    result = self.url_adapter.match(return_rule=True)  # type: ignore
  File "/mnt/d/知识库/Obsidian Vault/Upenn学习资源/Upenn 课程/HW 8000/tex2bbox/latex-web/backend/venv/lib/python3.10/site-packages/werkzeug/routing/map.py", line 655, in match
    raise NotFound() from None
werkzeug.exceptions.NotFound: 404 Not Found: The requested URL was not found on the server. If you entered the URL manually please check your spelling and try again.
2024-12-08 01:51:14,511 - latex_web - ERROR - Unhandled error: 404 Not Found: The requested URL was not found on the server. If you entered the URL manually please check your spelling and try again.
Traceback (most recent call last):
  File "/mnt/d/知识库/Obsidian Vault/Upenn学习资源/Upenn 课程/HW 8000/tex2bbox/latex-web/backend/venv/lib/python3.10/site-packages/flask/app.py", line 1484, in full_dispatch_request
    rv = self.dispatch_request()
  File "/mnt/d/知识库/Obsidian Vault/Upenn学习资源/Upenn 课程/HW 8000/tex2bbox/latex-web/backend/venv/lib/python3.10/site-packages/flask/app.py", line 1458, in dispatch_request
    self.raise_routing_exception(req)
  File "/mnt/d/知识库/Obsidian Vault/Upenn学习资源/Upenn 课程/HW 8000/tex2bbox/latex-web/backend/venv/lib/python3.10/site-packages/flask/app.py", line 1440, in raise_routing_exception
    raise request.routing_exception  # type: ignore
  File "/mnt/d/知识库/Obsidian Vault/Upenn学习资源/Upenn 课程/HW 8000/tex2bbox/latex-web/backend/venv/lib/python3.10/site-packages/flask/ctx.py", line 353, in match_request
    result = self.url_adapter.match(return_rule=True)  # type: ignore
  File "/mnt/d/知识库/Obsidian Vault/Upenn学习资源/Upenn 课程/HW 8000/tex2bbox/latex-web/backend/venv/lib/python3.10/site-packages/werkzeug/routing/map.py", line 655, in match
    raise NotFound() from None
werkzeug.exceptions.NotFound: 404 Not Found: The requested URL was not found on the server. If you entered the URL manually please check your spelling and try again.
2024-12-08 02:14:48,648 - latex_web - INFO - Compiling paper arXiv-2412.04472v1
2024-12-08 02:14:48,670 - latex_web - ERROR - Compilation failed: [Errno 2] No such file or directory: './run_pipeline.sh'
2024-12-08 02:14:57,416 - latex_web - INFO - Compiling paper arXiv-2412.04472v1
2024-12-08 02:14:57,434 - latex_web - ERROR - Compilation failed: [Errno 2] No such file or directory: './run_pipeline.sh'
2024-12-08 02:15:50,341 - latex_web - INFO - Starting LaTeX Web application...
2024-12-08 02:15:54,126 - latex_web - INFO - Compiling paper arXiv-2412.04472v1
2024-12-08 02:15:54,141 - latex_web - ERROR - Compilation failed: Script not found: /mnt/d/知识库/Obsidian Vault/Upenn学习资源/Upenn 课程/HW 8000/tex2bbox/data/run_pipeline.sh
2024-12-08 02:16:00,033 - latex_web - INFO - Compiling paper arXiv-2412.04472v1
2024-12-08 02:16:00,048 - latex_web - ERROR - Compilation failed: Script not found: /mnt/d/知识库/Obsidian Vault/Upenn学习资源/Upenn 课程/HW 8000/tex2bbox/data/run_pipeline.sh
2024-12-08 02:17:37,947 - latex_web - INFO - Starting LaTeX Web application...
2024-12-08 02:17:40,469 - latex_web - INFO - Compiling paper arXiv-2412.04472v1
2024-12-08 02:17:40,470 - latex_web - ERROR - Compilation failed: TeX file not found: /mnt/d/知识库/Obsidian Vault/Upenn学习资源/Upenn 课程/HW 8000/tex2bbox/papers/arXiv-2412.04472v1/paper.tex
2024-12-08 02:18:06,509 - latex_web - INFO - Starting LaTeX Web application...
2024-12-08 02:18:41,992 - latex_web - INFO - Starting LaTeX Web application...
2024-12-08 02:18:46,813 - latex_web - INFO - Compiling paper arXiv-2412.04472v1
2024-12-08 02:18:46,814 - latex_web - ERROR - Compilation failed: TeX file not found: /mnt/d/知识库/Obsidian Vault/Upenn学习资源/Upenn 课程/HW 8000/tex2bbox/papers/arXiv-2412.04472v1/paper.tex
2024-12-08 02:20:01,158 - latex_web - INFO - Starting LaTeX Web application...
2024-12-08 02:20:04,823 - latex_web - INFO - Compiling paper arXiv-2412.04472v1
2024-12-08 02:20:04,919 - latex_web - ERROR - Compilation failed: Script not found: /mnt/d/知识库/Obsidian Vault/Upenn学习资源/Upenn 课程/HW 8000/tex2bbox/data/run_pipeline.sh
2024-12-08 02:21:10,498 - latex_web - INFO - Starting LaTeX Web application...
2024-12-08 02:21:13,293 - latex_web - INFO - Compiling paper arXiv-2412.04472v1
2024-12-08 02:21:13,397 - latex_web - ERROR - Script not found at: /mnt/d/知识库/Obsidian Vault/Upenn学习资源/Upenn 课程/HW 8000/tex2bbox/data/run_pipeline.sh
2024-12-08 02:21:13,397 - latex_web - ERROR - Compilation failed: Script not found: /mnt/d/知识库/Obsidian Vault/Upenn学习资源/Upenn 课程/HW 8000/tex2bbox/data/run_pipeline.sh
2024-12-08 02:22:04,473 - latex_web - INFO - Starting LaTeX Web application...
2024-12-08 02:22:44,888 - latex_web - INFO - Starting LaTeX Web application...
2024-12-08 02:23:57,752 - latex_web - INFO - Starting LaTeX Web application...
2024-12-08 02:24:20,484 - latex_web - INFO - Starting LaTeX Web application...
2024-12-08 02:41:57,488 - latex_web - INFO - Compiling paper arXiv-2412.04472v1
2024-12-08 02:42:01,991 - latex_web - ERROR - Compilation error: '/mnt/d/知识库/Obsidian Vault/Upenn学习资源/Upenn 课程/HW 8000/tex2bbox/latex-web/backend/temp/arXiv-2412.04472v1/paper.tex' is not in the subpath of '/mnt/d/知识库/Obsidian Vault/Upenn学习资源/Upenn 课程/HW 8000/tex2bbox/data' OR one path is relative and the other is absolute.
2024-12-08 02:42:01,991 - latex_web - ERROR - Compilation failed: '/mnt/d/知识库/Obsidian Vault/Upenn学习资源/Upenn 课程/HW 8000/tex2bbox/latex-web/backend/temp/arXiv-2412.04472v1/paper.tex' is not in the subpath of '/mnt/d/知识库/Obsidian Vault/Upenn学习资源/Upenn 课程/HW 8000/tex2bbox/data' OR one path is relative and the other is absolute.
2024-12-08 02:47:46,943 - latex_web - INFO - Starting LaTeX Web application...
2024-12-08 02:47:55,862 - latex_web - INFO - Compiling paper arXiv-2412.04472v1
2024-12-08 02:47:55,865 - latex_web - ERROR - Compilation failed: Script not found: /mnt/d/知识库/Obsidian Vault/Upenn学习资源/Upenn 课程/HW 8000/tex2bbox/data/compile_pipeline.sh
2024-12-08 02:48:49,563 - latex_web - INFO - Starting LaTeX Web application...
2024-12-08 02:48:56,305 - latex_web - INFO - Compiling paper arXiv-2412.04472v1
2024-12-08 02:48:56,308 - latex_web - ERROR - Compilation failed: Script not found: /mnt/d/知识库/Obsidian Vault/Upenn学习资源/Upenn 课程/HW 8000/tex2bbox/data/compile_pipeline.sh
2024-12-08 02:49:51,770 - latex_web - INFO - Starting LaTeX Web application...
2024-12-08 02:49:54,258 - latex_web - INFO - Compiling paper arXiv-2412.04472v1
2024-12-08 02:49:54,260 - latex_web - ERROR - Compilation error: '/mnt/d/知识库/Obsidian Vault/Upenn学习资源/Upenn 课程/HW 8000/tex2bbox/data/papers/arXiv-2412.04472v1/paper.tex' is not in the subpath of '/mnt/d/知识库/Obsidian Vault/Upenn学习资源/Upenn 课程/HW 8000/tex2bbox/data/data' OR one path is relative and the other is absolute.
2024-12-08 02:49:54,260 - latex_web - ERROR - Compilation failed: '/mnt/d/知识库/Obsidian Vault/Upenn学习资源/Upenn 课程/HW 8000/tex2bbox/data/papers/arXiv-2412.04472v1/paper.tex' is not in the subpath of '/mnt/d/知识库/Obsidian Vault/Upenn学习资源/Upenn 课程/HW 8000/tex2bbox/data/data' OR one path is relative and the other is absolute.
2024-12-08 02:51:28,720 - latex_web - INFO - Starting LaTeX Web application...
2024-12-08 02:51:35,355 - latex_web - INFO - Compiling paper arXiv-2412.04472v1
2024-12-08 02:51:35,357 - latex_web - ERROR - Compilation failed: Script not found: /mnt/d/知识库/Obsidian Vault/Upenn学习资源/Upenn 课程/HW 8000/tex2bbox/data/compile_pipeline.sh
2024-12-08 02:52:20,446 - latex_web - INFO - Starting LaTeX Web application...
2024-12-08 02:52:26,077 - latex_web - INFO - Compiling paper arXiv-2412.04472v1
2024-12-08 02:52:26,079 - latex_web - ERROR - Compilation failed: Script not found: /mnt/d/知识库/Obsidian Vault/Upenn学习资源/Upenn 课程/HW 8000/tex2bbox/data/compile_pipeline.sh
2024-12-08 02:53:02,902 - latex_web - INFO - Starting LaTeX Web application...
2024-12-08 02:53:08,002 - latex_web - INFO - Compiling paper arXiv-2412.04472v1
2024-12-08 02:53:08,005 - latex_web - INFO - Running compile script: /mnt/d/知识库/Obsidian Vault/Upenn学习资源/Upenn 课程/HW 8000/tex2bbox/compile_pipeline.sh data/papers/arXiv-2412.04472v1/paper.tex
2024-12-08 02:53:08,193 - latex_web - INFO - Successfully compiled paper arXiv-2412.04472v1
2024-12-08 02:53:08,319 - latex_web - WARNING - PDF not found for paper arXiv-2412.04472v1
2024-12-08 02:53:31,165 - latex_web - INFO - Compiling paper arXiv-2412.04472v1
2024-12-08 02:53:31,168 - latex_web - INFO - Running compile script: /mnt/d/知识库/Obsidian Vault/Upenn学习资源/Upenn 课程/HW 8000/tex2bbox/compile_pipeline.sh data/papers/arXiv-2412.04472v1/paper.tex
2024-12-08 02:53:31,378 - latex_web - ERROR - Compilation failed: Compilation failed: PDF not generated
2024-12-08 02:55:45,309 - latex_web - INFO - Starting LaTeX Web application...
2024-12-08 02:55:50,588 - latex_web - INFO - Compiling paper arXiv-2412.04472v1
2024-12-08 02:55:50,591 - latex_web - INFO - Running compile script: /mnt/d/知识库/Obsidian Vault/Upenn学习资源/Upenn 课程/HW 8000/tex2bbox/compile_pipeline.sh data/papers/arXiv-2412.04472v1/paper.tex
2024-12-08 02:55:50,772 - latex_web - INFO - Successfully compiled paper arXiv-2412.04472v1
2024-12-08 02:55:50,838 - latex_web - WARNING - PDF not found for paper arXiv-2412.04472v1
2024-12-08 03:05:31,480 - latex_web - INFO - Starting LaTeX Web application...
2024-12-08 03:05:33,157 - latex_web - INFO - Starting LaTeX Web application...
2024-12-08 03:05:40,019 - latex_web - INFO - Compiling paper arXiv-2412.04472v1
2024-12-08 03:05:40,022 - latex_web - ERROR - Compilation error: LatexCompiler.compile() got an unexpected keyword argument 'output_dir'
2024-12-08 03:05:40,023 - latex_web - ERROR - Compilation failed: LatexCompiler.compile() got an unexpected keyword argument 'output_dir'
2024-12-08 03:07:27,523 - latex_web - INFO - Starting LaTeX Web application...
2024-12-08 03:09:07,596 - latex_web - INFO - Starting LaTeX Web application...
2024-12-08 03:09:11,032 - latex_web - INFO - Compiling paper arXiv-2412.04472v1
2024-12-08 03:09:17,506 - latex_web - INFO - Successfully compiled paper arXiv-2412.04472v1
2024-12-08 03:09:17,589 - latex_web - WARNING - PDF not found for paper arXiv-2412.04472v1
2024-12-08 03:09:36,735 - latex_web - INFO - Compiling paper arXiv-2412.04472v1
2024-12-08 03:09:43,105 - latex_web - ERROR - Compilation failed: PDF not generated
2024-12-08 03:11:00,686 - latex_web - INFO - Starting LaTeX Web application...
2024-12-08 03:11:01,701 - latex_web - INFO - Compiling paper arXiv-2412.04472v1
2024-12-08 03:11:07,976 - latex_web - ERROR - Compilation failed: PDF not generated
2024-12-08 03:13:07,396 - latex_web - INFO - Starting LaTeX Web application...
2024-12-08 03:13:37,741 - latex_web - INFO - Starting LaTeX Web application...
2024-12-08 03:13:40,073 - latex_web - INFO - Compiling paper arXiv-2412.04472v1
2024-12-08 03:13:46,011 - latex_web - INFO - Successfully compiled paper arXiv-2412.04472v1
2024-12-08 03:13:46,091 - latex_web - WARNING - PDF not found for paper arXiv-2412.04472v1
2024-12-08 03:15:12,081 - latex_web - INFO - Starting LaTeX Web application...
2024-12-08 03:15:13,350 - latex_web - INFO - Compiling paper arXiv-2412.04472v1
2024-12-08 03:15:18,940 - latex_web - INFO - Successfully compiled paper arXiv-2412.04472v1
2024-12-08 03:15:25,003 - latex_web - INFO - Marking PDF for paper arXiv-2412.04472v1
2024-12-08 03:15:25,007 - latex_web - ERROR - Error marking PDF: 'NoneType' object has no attribute 'error'
2024-12-08 03:16:37,547 - latex_web - INFO - Starting LaTeX Web application...
2024-12-08 03:16:40,715 - latex_web - INFO - Marking PDF for paper arXiv-2412.04472v1
2024-12-08 03:16:40,719 - latex_web - ERROR - Error marking PDF: 'NoneType' object has no attribute 'error'
2024-12-08 03:17:38,597 - latex_web - INFO - Starting LaTeX Web application...
2024-12-08 03:17:41,002 - latex_web - INFO - Marking PDF for paper arXiv-2412.04472v1
2024-12-08 03:17:41,008 - latex_web - ERROR - Error marking PDF: 'NoneType' object has no attribute 'error'
2024-12-08 03:17:44,247 - latex_web - INFO - Compiling paper arXiv-2412.04472v1
2024-12-08 03:17:50,052 - latex_web - INFO - Successfully compiled paper arXiv-2412.04472v1
2024-12-08 03:17:52,499 - latex_web - INFO - Marking PDF for paper arXiv-2412.04472v1
2024-12-08 03:17:52,503 - latex_web - ERROR - Error marking PDF: 'NoneType' object has no attribute 'error'
2024-12-08 03:20:35,235 - latex_web - INFO - Starting LaTeX Web application...
2024-12-08 03:21:26,246 - latex_web - INFO - Starting LaTeX Web application...
2024-12-08 03:21:28,560 - latex_web - INFO - Marking PDF for paper arXiv-2412.04472v1
2024-12-08 03:21:28,571 - latex_web - ERROR - Error marking PDF: 'NoneType' object has no attribute 'error'
2024-12-08 03:22:11,599 - latex_web - INFO - Starting LaTeX Web application...
2024-12-08 03:22:13,699 - latex_web - INFO - Marking PDF for paper arXiv-2412.04472v1
2024-12-08 03:22:13,712 - latex_web - ERROR - Error marking PDF: 'NoneType' object has no attribute 'error'
2024-12-08 03:23:00,521 - latex_web - INFO - Starting LaTeX Web application...
2024-12-08 03:23:09,601 - latex_web - INFO - Compiling paper arXiv-2412.04472v1
2024-12-08 03:23:09,604 - latex_web - ERROR - Compilation failed: TeX file not found
2024-12-08 03:23:18,318 - latex_web - INFO - Compiling paper arXiv-2401.04925v4
2024-12-08 03:23:18,320 - latex_web - ERROR - Compilation failed: TeX file not found
2024-12-08 03:23:34,808 - latex_web - INFO - Starting LaTeX Web application...
2024-12-08 03:23:43,417 - latex_web - INFO - Compiling paper arXiv-2412.04472v1
2024-12-08 03:23:43,420 - latex_web - ERROR - Compilation failed: TeX file not found
2024-12-08 03:24:05,894 - latex_web - INFO - Starting LaTeX Web application...
2024-12-08 03:24:12,350 - latex_web - INFO - Compiling paper arXiv-2412.04472v1
2024-12-08 03:24:12,352 - latex_web - ERROR - Compilation failed: TeX file not found
2024-12-08 03:24:35,930 - latex_web - INFO - Starting LaTeX Web application...
2024-12-08 03:24:38,309 - latex_web - INFO - Compiling paper arXiv-2412.04472v1
2024-12-08 03:24:38,312 - latex_web - ERROR - Compilation failed: TeX file not found
2024-12-08 03:24:58,956 - latex_web - INFO - Compiling paper arXiv-2401.04925v4
2024-12-08 03:24:58,959 - latex_web - ERROR - Compilation failed: TeX file not found
2024-12-08 03:25:16,267 - latex_web - INFO - Starting LaTeX Web application...
2024-12-08 03:25:21,187 - latex_web - INFO - Compiling paper arXiv-2401.04925v4
2024-12-08 03:25:21,190 - latex_web - ERROR - Compilation failed: TeX file not found
2024-12-08 03:25:52,261 - latex_web - INFO - Starting LaTeX Web application...
2024-12-08 03:25:56,910 - latex_web - INFO - Compiling paper arXiv-2412.04472v1
2024-12-08 03:26:11,709 - latex_web - INFO - Successfully compiled paper arXiv-2412.04472v1
2024-12-08 03:26:19,676 - latex_web - INFO - Compiling paper arXiv-2401.04925v4
2024-12-08 03:26:23,409 - latex_web - ERROR - Compilation failed: Compilation failed
2024-12-08 03:26:35,242 - latex_web - INFO - Compiling paper arXiv-2412.04472v1
2024-12-08 03:26:50,469 - latex_web - INFO - Successfully compiled paper arXiv-2412.04472v1
2024-12-08 03:26:59,000 - latex_web - INFO - Compiling paper arXiv-2401.04925v4
2024-12-08 03:27:02,302 - latex_web - ERROR - Compilation failed: Compilation failed
2024-12-08 03:29:51,118 - latex_web - INFO - Starting LaTeX Web application...
2024-12-08 03:29:52,813 - latex_web - INFO - Compiling paper arXiv-2401.04925v4
2024-12-08 03:29:52,820 - latex_web - ERROR - Compilation error: LatexCompiler.compile() got an unexpected keyword argument 'clean'
2024-12-08 03:29:52,820 - latex_web - ERROR - Compilation failed: LatexCompiler.compile() got an unexpected keyword argument 'clean'
2024-12-08 03:30:33,313 - latex_web - INFO - Starting LaTeX Web application...
2024-12-08 03:30:34,985 - latex_web - INFO - Compiling paper arXiv-2401.04925v4
2024-12-08 03:30:38,285 - latex_web - ERROR - Compilation failed
2024-12-08 03:30:38,286 - latex_web - ERROR - Compilation failed: Compilation failed
2024-12-08 03:31:29,961 - latex_web - INFO - Compiling paper arXiv-2401.04925v4
2024-12-08 03:31:33,306 - latex_web - ERROR - Compilation failed
2024-12-08 03:31:33,307 - latex_web - ERROR - Compilation failed: Compilation failed
2024-12-08 03:31:40,925 - latex_web - INFO - Compiling paper arXiv-2401.04925v4
2024-12-08 03:31:41,072 - latex_web - ERROR - Unhandled error: 404 Not Found: The requested URL was not found on the server. If you entered the URL manually please check your spelling and try again.
Traceback (most recent call last):
  File "/mnt/d/知识库/Obsidian Vault/Upenn学习资源/Upenn 课程/HW 8000/tex2bbox/latex-web/backend/venv/lib/python3.10/site-packages/flask/app.py", line 1484, in full_dispatch_request
    rv = self.dispatch_request()
  File "/mnt/d/知识库/Obsidian Vault/Upenn学习资源/Upenn 课程/HW 8000/tex2bbox/latex-web/backend/venv/lib/python3.10/site-packages/flask/app.py", line 1458, in dispatch_request
    self.raise_routing_exception(req)
  File "/mnt/d/知识库/Obsidian Vault/Upenn学习资源/Upenn 课程/HW 8000/tex2bbox/latex-web/backend/venv/lib/python3.10/site-packages/flask/app.py", line 1440, in raise_routing_exception
    raise request.routing_exception  # type: ignore
  File "/mnt/d/知识库/Obsidian Vault/Upenn学习资源/Upenn 课程/HW 8000/tex2bbox/latex-web/backend/venv/lib/python3.10/site-packages/flask/ctx.py", line 353, in match_request
    result = self.url_adapter.match(return_rule=True)  # type: ignore
  File "/mnt/d/知识库/Obsidian Vault/Upenn学习资源/Upenn 课程/HW 8000/tex2bbox/latex-web/backend/venv/lib/python3.10/site-packages/werkzeug/routing/map.py", line 655, in match
    raise NotFound() from None
werkzeug.exceptions.NotFound: 404 Not Found: The requested URL was not found on the server. If you entered the URL manually please check your spelling and try again.
2024-12-08 03:31:44,295 - latex_web - ERROR - Compilation failed
2024-12-08 03:31:44,296 - latex_web - ERROR - Compilation failed: Compilation failed
2024-12-08 13:17:56,515 - latex_web - INFO - Starting LaTeX Web application...
2024-12-08 13:17:58,619 - latex_web - INFO - Starting LaTeX Web application...
2024-12-08 13:21:41,030 - latex_web - INFO - Starting LaTeX Web application...
2024-12-08 13:21:43,346 - latex_web - INFO - Starting LaTeX Web application...
2024-12-08 13:22:17,176 - latex_web - ERROR - Unhandled error: 404 Not Found: The requested URL was not found on the server. If you entered the URL manually please check your spelling and try again.
Traceback (most recent call last):
  File "/mnt/d/知识库/Obsidian Vault/Upenn学习资源/Upenn 课程/HW 8000/tex2bbox/latex-web/backend/venv/lib/python3.10/site-packages/flask/app.py", line 1484, in full_dispatch_request
    rv = self.dispatch_request()
  File "/mnt/d/知识库/Obsidian Vault/Upenn学习资源/Upenn 课程/HW 8000/tex2bbox/latex-web/backend/venv/lib/python3.10/site-packages/flask/app.py", line 1458, in dispatch_request
    self.raise_routing_exception(req)
  File "/mnt/d/知识库/Obsidian Vault/Upenn学习资源/Upenn 课程/HW 8000/tex2bbox/latex-web/backend/venv/lib/python3.10/site-packages/flask/app.py", line 1440, in raise_routing_exception
    raise request.routing_exception  # type: ignore
  File "/mnt/d/知识库/Obsidian Vault/Upenn学习资源/Upenn 课程/HW 8000/tex2bbox/latex-web/backend/venv/lib/python3.10/site-packages/flask/ctx.py", line 353, in match_request
    result = self.url_adapter.match(return_rule=True)  # type: ignore
  File "/mnt/d/知识库/Obsidian Vault/Upenn学习资源/Upenn 课程/HW 8000/tex2bbox/latex-web/backend/venv/lib/python3.10/site-packages/werkzeug/routing/map.py", line 655, in match
    raise NotFound() from None
werkzeug.exceptions.NotFound: 404 Not Found: The requested URL was not found on the server. If you entered the URL manually please check your spelling and try again.
2024-12-08 13:22:19,745 - latex_web - ERROR - Unhandled error: 404 Not Found: The requested URL was not found on the server. If you entered the URL manually please check your spelling and try again.
Traceback (most recent call last):
  File "/mnt/d/知识库/Obsidian Vault/Upenn学习资源/Upenn 课程/HW 8000/tex2bbox/latex-web/backend/venv/lib/python3.10/site-packages/flask/app.py", line 1484, in full_dispatch_request
    rv = self.dispatch_request()
  File "/mnt/d/知识库/Obsidian Vault/Upenn学习资源/Upenn 课程/HW 8000/tex2bbox/latex-web/backend/venv/lib/python3.10/site-packages/flask/app.py", line 1458, in dispatch_request
    self.raise_routing_exception(req)
  File "/mnt/d/知识库/Obsidian Vault/Upenn学习资源/Upenn 课程/HW 8000/tex2bbox/latex-web/backend/venv/lib/python3.10/site-packages/flask/app.py", line 1440, in raise_routing_exception
    raise request.routing_exception  # type: ignore
  File "/mnt/d/知识库/Obsidian Vault/Upenn学习资源/Upenn 课程/HW 8000/tex2bbox/latex-web/backend/venv/lib/python3.10/site-packages/flask/ctx.py", line 353, in match_request
    result = self.url_adapter.match(return_rule=True)  # type: ignore
  File "/mnt/d/知识库/Obsidian Vault/Upenn学习资源/Upenn 课程/HW 8000/tex2bbox/latex-web/backend/venv/lib/python3.10/site-packages/werkzeug/routing/map.py", line 655, in match
    raise NotFound() from None
werkzeug.exceptions.NotFound: 404 Not Found: The requested URL was not found on the server. If you entered the URL manually please check your spelling and try again.
2024-12-08 13:27:47,663 - latex_web - INFO - Starting LaTeX Web application...
2024-12-08 13:34:03,337 - latex_web - INFO - Starting LaTeX Web application...
2024-12-08 13:37:07,181 - latex_web - INFO - Starting LaTeX Web application...
2024-12-08 13:38:02,021 - latex_web - ERROR - Unhandled error: 404 Not Found: The requested URL was not found on the server. If you entered the URL manually please check your spelling and try again.
Traceback (most recent call last):
  File "/mnt/d/知识库/Obsidian Vault/Upenn学习资源/Upenn 课程/HW 8000/tex2bbox/latex-web/backend/venv/lib/python3.10/site-packages/flask/app.py", line 1484, in full_dispatch_request
    rv = self.dispatch_request()
  File "/mnt/d/知识库/Obsidian Vault/Upenn学习资源/Upenn 课程/HW 8000/tex2bbox/latex-web/backend/venv/lib/python3.10/site-packages/flask/app.py", line 1458, in dispatch_request
    self.raise_routing_exception(req)
  File "/mnt/d/知识库/Obsidian Vault/Upenn学习资源/Upenn 课程/HW 8000/tex2bbox/latex-web/backend/venv/lib/python3.10/site-packages/flask/app.py", line 1440, in raise_routing_exception
    raise request.routing_exception  # type: ignore
  File "/mnt/d/知识库/Obsidian Vault/Upenn学习资源/Upenn 课程/HW 8000/tex2bbox/latex-web/backend/venv/lib/python3.10/site-packages/flask/ctx.py", line 353, in match_request
    result = self.url_adapter.match(return_rule=True)  # type: ignore
  File "/mnt/d/知识库/Obsidian Vault/Upenn学习资源/Upenn 课程/HW 8000/tex2bbox/latex-web/backend/venv/lib/python3.10/site-packages/werkzeug/routing/map.py", line 655, in match
    raise NotFound() from None
werkzeug.exceptions.NotFound: 404 Not Found: The requested URL was not found on the server. If you entered the URL manually please check your spelling and try again.
2024-12-08 13:39:47,598 - latex_web - INFO - Processing paper arXiv-2412.04472v1
2024-12-08 13:39:47,614 - latex_web - ERROR - Processing failed: 'LatexMarker' object has no attribute 'mark_file'
2024-12-08 13:42:39,874 - latex_web - INFO - Starting LaTeX Web application...
2024-12-08 13:42:50,672 - latex_web - INFO - Processing paper arXiv-2401.04925v4
2024-12-08 13:42:51,048 - latex_web - ERROR - Processing failed: Compilation failed
2024-12-08 13:43:03,331 - latex_web - INFO - Processing paper arXiv-2412.04472v1
2024-12-08 13:43:04,135 - latex_web - ERROR - Processing failed: Compilation failed
2024-12-08 13:43:16,147 - latex_web - INFO - Processing paper arXiv-2401.04925v4
2024-12-08 13:43:16,525 - latex_web - ERROR - Processing failed: Compilation failed
2024-12-08 13:44:19,621 - latex_web - INFO - Starting LaTeX Web application...
2024-12-08 13:44:22,100 - latex_web - INFO - Processing paper arXiv-2401.04925v4
2024-12-08 13:44:22,480 - latex_web - ERROR - Processing failed: Compilation failed
2024-12-08 13:48:02,248 - latex_web - INFO - Starting LaTeX Web application...
2024-12-08 13:48:15,086 - latex_web - INFO - Processing paper arXiv-2401.04925v4
2024-12-08 13:48:15,424 - latex_web - ERROR - Processing failed: Compilation failed
2024-12-08 13:50:43,503 - latex_web - INFO - Starting LaTeX Web application...
2024-12-08 13:50:45,526 - latex_web - INFO - Starting LaTeX Web application...
2024-12-08 13:50:49,020 - latex_web - INFO - Processing paper arXiv-2401.04925v4
2024-12-08 13:50:49,316 - latex_web - ERROR - Processing failed: Compilation failed
2024-12-08 13:52:36,610 - latex_web - INFO - Starting LaTeX Web application...
2024-12-08 13:52:47,236 - latex_web - INFO - Processing paper arXiv-2401.04925v4
2024-12-08 13:52:47,583 - latex_web - ERROR - Processing failed: Compilation failed
2024-12-08 13:54:04,873 - latex_web - INFO - Starting LaTeX Web application...
2024-12-08 13:54:06,771 - latex_web - INFO - Processing paper arXiv-2401.04925v4
2024-12-08 13:54:13,818 - latex_web - ERROR - Processing failed: Compilation failed
2024-12-08 13:54:27,304 - latex_web - INFO - Processing paper arXiv-2412.04472v1
2024-12-08 13:54:36,717 - latex_web - ERROR - Processing failed: Compilation failed
2024-12-08 13:55:56,148 - latex_web - INFO - Starting LaTeX Web application...
2024-12-08 13:56:27,733 - latex_web - INFO - Starting LaTeX Web application...
2024-12-08 13:56:36,883 - latex_web - INFO - Processing paper arXiv-2401.04925v4
2024-12-08 13:57:20,933 - latex_web - ERROR - Processing failed: Compilation failed
2024-12-08 13:58:43,568 - latex_web - INFO - Starting LaTeX Web application...
2024-12-08 13:59:15,668 - latex_web - INFO - Processing paper arXiv-2401.04925v4
2024-12-08 13:59:16,063 - latex_web - ERROR - Processing failed: Compilation failed
2024-12-08 14:01:32,629 - latex_web - INFO - Starting LaTeX Web application...
2024-12-08 14:01:46,305 - latex_web - INFO - Processing paper arXiv-2401.04925v4
2024-12-08 14:03:12,325 - latex_web - ERROR - Processing failed: AUX file not found
2024-12-08 14:04:55,655 - latex_web - INFO - Starting LaTeX Web application...
2024-12-08 14:05:09,887 - latex_web - INFO - Processing paper arXiv-2412.04472v1
2024-12-08 14:05:10,071 - latex_web - ERROR - Processing failed: Compilation failed
2024-12-08 14:05:50,438 - latex_web - INFO - Starting LaTeX Web application...
2024-12-08 14:05:53,193 - latex_web - INFO - Processing paper arXiv-2412.04472v1
2024-12-08 14:06:45,449 - latex_web - ERROR - Processing failed: Compilation failed
2024-12-08 14:07:55,292 - latex_web - INFO - Starting LaTeX Web application...
2024-12-08 14:07:57,008 - latex_web - INFO - Processing paper arXiv-2412.04472v1
2024-12-08 14:08:06,170 - latex_web - ERROR - Processing failed: Compilation failed
2024-12-08 14:08:49,429 - latex_web - INFO - Starting LaTeX Web application...
2024-12-08 14:08:58,903 - latex_web - INFO - Processing paper arXiv-2412.04472v1
2024-12-08 14:09:08,796 - latex_web - ERROR - Processing failed: Compilation failed
2024-12-08 14:10:09,817 - latex_web - INFO - Starting LaTeX Web application...
2024-12-08 14:10:34,985 - latex_web - INFO - Starting LaTeX Web application...
2024-12-08 14:12:40,342 - latex_web - INFO - Starting LaTeX Web application...
2024-12-08 14:12:43,929 - latex_web - INFO - Processing paper arXiv-2412.04472v1
2024-12-08 14:12:44,256 - latex_web - ERROR - Processing failed: Compilation failed
2024-12-08 14:13:36,651 - latex_web - INFO - Starting LaTeX Web application...
2024-12-08 14:13:40,542 - latex_web - INFO - Processing paper arXiv-2412.04472v1
2024-12-08 14:13:49,861 - latex_web - ERROR - Processing failed: Compilation failed
2024-12-08 14:15:09,564 - latex_web - INFO - Starting LaTeX Web application...
2024-12-08 14:15:10,875 - latex_web - INFO - Processing paper arXiv-2412.04472v1
2024-12-08 14:15:33,885 - latex_web - INFO - Processing paper arXiv-2412.04472v1
2024-12-08 14:15:39,750 - latex_web - ERROR - Processing failed: AUX file not found
2024-12-08 14:16:01,753 - latex_web - ERROR - Processing failed: AUX file not found
2024-12-08 14:17:10,922 - latex_web - INFO - Starting LaTeX Web application...
2024-12-08 14:17:12,936 - latex_web - INFO - Starting LaTeX Web application...
2024-12-08 14:17:23,641 - latex_web - INFO - Processing paper arXiv-2412.04472v1
2024-12-08 14:17:51,935 - latex_web - ERROR - Processing failed: AUX file not found
2024-12-08 14:22:58,054 - latex_web - INFO - Starting LaTeX Web application...
2024-12-08 14:23:00,073 - latex_web - INFO - Starting LaTeX Web application...
2024-12-08 14:23:13,967 - latex_web - INFO - Processing paper arXiv-2412.04472v1
2024-12-08 14:23:29,387 - latex_web - ERROR - Processing failed: AUX file not found
2024-12-08 14:24:08,179 - latex_web - INFO - Processing paper arXiv-2412.04472v1
2024-12-08 14:24:23,935 - latex_web - ERROR - Processing failed: AUX file not found
2024-12-08 14:25:28,333 - latex_web - INFO - Starting LaTeX Web application...
2024-12-08 14:25:29,705 - latex_web - INFO - Processing paper arXiv-2412.04472v1
2024-12-08 14:25:44,851 - latex_web - ERROR - Processing failed: 'AuxProcessor' object has no attribute 'process'
2024-12-08 14:26:42,345 - latex_web - INFO - Starting LaTeX Web application...
2024-12-08 14:26:43,623 - latex_web - INFO - Processing paper arXiv-2412.04472v1
2024-12-08 14:26:58,951 - latex_web - ERROR - Processing failed: 'CoordinateExtractor' object has no attribute 'extract'
2024-12-08 14:27:39,900 - latex_web - INFO - Starting LaTeX Web application...
2024-12-08 14:27:41,596 - latex_web - INFO - Processing paper arXiv-2412.04472v1
2024-12-08 14:27:57,452 - latex_web - ERROR - Processing failed: 'int' object is not iterable
2024-12-08 14:29:17,761 - latex_web - INFO - Starting LaTeX Web application...
2024-12-08 14:29:19,043 - latex_web - INFO - Processing paper arXiv-2412.04472v1
2024-12-08 14:29:39,271 - latex_web - INFO - Successfully processed paper arXiv-2412.04472v1
2024-12-08 14:32:38,248 - latex_web - INFO - Processing paper arXiv-2412.04472v1
2024-12-08 14:32:58,057 - latex_web - INFO - Successfully processed paper arXiv-2412.04472v1
2024-12-08 14:38:48,404 - latex_web - INFO - Processing paper arXiv-2412.04472v1
2024-12-08 14:39:08,575 - latex_web - INFO - Successfully processed paper arXiv-2412.04472v1
2024-12-08 14:43:59,921 - latex_web - INFO - Processing paper arXiv-2401.04925v4
2024-12-08 14:44:07,826 - latex_web - INFO - Successfully processed paper arXiv-2401.04925v4
2024-12-08 14:44:08,163 - latex_web - WARNING - No marked PDF found for paper arXiv-2401.04925v4
2024-12-08 14:44:44,897 - latex_web - INFO - Processing paper arXiv-2412.04472v1
2024-12-08 14:45:04,600 - latex_web - INFO - Successfully processed paper arXiv-2412.04472v1
2024-12-08 14:47:02,166 - latex_web - INFO - Starting LaTeX Web application...
2024-12-08 14:47:11,269 - latex_web - INFO - Processing paper arXiv-2401.04925v4
2024-12-08 14:47:18,818 - latex_web - INFO - Successfully processed paper arXiv-2401.04925v4
2024-12-08 14:47:19,245 - latex_web - WARNING - No marked PDF found for paper arXiv-2401.04925v4
2024-12-08 14:47:52,888 - latex_web - INFO - Processing paper arXiv-2412.04472v1
2024-12-08 14:48:11,513 - latex_web - INFO - Successfully processed paper arXiv-2412.04472v1
2024-12-08 14:48:46,975 - latex_web - INFO - Starting LaTeX Web application...
2024-12-08 14:50:11,640 - latex_web - INFO - Starting LaTeX Web application...
2024-12-08 14:50:18,175 - latex_web - INFO - Processing paper arXiv-2412.04472v1
2024-12-08 14:50:37,432 - latex_web - INFO - Successfully processed paper arXiv-2412.04472v1
2024-12-08 14:51:29,654 - latex_web - INFO - Processing paper arXiv-2401.04925v4
2024-12-08 14:51:37,690 - latex_web - INFO - Successfully processed paper arXiv-2401.04925v4
2024-12-08 14:51:38,098 - latex_web - WARNING - No marked PDF found for paper arXiv-2401.04925v4
2024-12-08 14:54:30,313 - latex_web - INFO - Starting LaTeX Web application...
2024-12-08 14:54:31,569 - latex_web - INFO - Processing paper arXiv-2401.04925v4
2024-12-08 14:54:39,430 - latex_web - INFO - Successfully processed paper arXiv-2401.04925v4
2024-12-08 14:54:39,772 - latex_web - WARNING - No marked PDF found for paper arXiv-2401.04925v4
2024-12-08 14:56:35,246 - latex_web - INFO - Starting LaTeX Web application...
2024-12-08 14:56:36,570 - latex_web - INFO - Processing paper arXiv-2401.04925v4
2024-12-08 14:56:43,595 - latex_web - INFO - Successfully processed paper arXiv-2401.04925v4
2024-12-08 14:56:43,936 - latex_web - INFO - Serving marked PDF: /mnt/d/知识库/Obsidian Vault/Upenn学习资源/Upenn 课程/HW 8000/tex2bbox/latex-web/backend/visualizations/arXiv-2401.04925v4/paper.marked.pdf
2024-12-08 14:57:54,759 - latex_web - INFO - Processing paper arXiv-2412.04472v1
2024-12-08 14:58:13,934 - latex_web - INFO - Successfully processed paper arXiv-2412.04472v1
2024-12-08 14:58:14,302 - latex_web - INFO - Serving marked PDF: /mnt/d/知识库/Obsidian Vault/Upenn学习资源/Upenn 课程/HW 8000/tex2bbox/latex-web/backend/visualizations/arXiv-2412.04472v1/paper.marked.pdf
2024-12-08 14:59:52,987 - latex_web - INFO - Starting LaTeX Web application...
2024-12-08 15:00:39,512 - latex_web - INFO - Starting LaTeX Web application...
2024-12-08 15:00:54,559 - latex_web - INFO - Starting LaTeX Web application...
2024-12-08 15:01:20,051 - latex_web - INFO - Starting LaTeX Web application...
2024-12-08 15:01:30,899 - latex_web - INFO - Starting LaTeX Web application...
2024-12-08 15:02:46,645 - latex_web - INFO - Starting LaTeX Web application...
2024-12-08 15:03:20,164 - latex_web - INFO - Starting LaTeX Web application...
2024-12-08 15:03:58,586 - latex_web - INFO - Starting LaTeX Web application...
2024-12-08 15:04:30,623 - latex_web - INFO - Starting LaTeX Web application...
2024-12-08 15:07:35,505 - latex_web - INFO - Starting LaTeX Web application...
2024-12-08 15:09:11,843 - latex_web - INFO - Starting LaTeX Web application...
2024-12-08 15:10:11,830 - latex_web - INFO - Starting LaTeX Web application...
2024-12-08 15:10:48,160 - latex_web - INFO - Starting LaTeX Web application...
2024-12-08 15:13:44,653 - latex_web - INFO - Starting LaTeX Web application...
2024-12-08 15:14:51,490 - latex_web - INFO - Starting LaTeX Web application...
2024-12-08 15:16:12,677 - latex_web - INFO - Starting LaTeX Web application...
2024-12-08 15:17:38,782 - latex_web - INFO - Starting LaTeX Web application...
2024-12-08 15:19:04,677 - latex_web - INFO - Starting LaTeX Web application...
2024-12-08 15:20:18,717 - latex_web - INFO - Starting LaTeX Web application...
2024-12-08 15:20:34,341 - latex_web - INFO - Starting LaTeX Web application...
2024-12-08 15:23:47,297 - latex_web - INFO - Starting LaTeX Web application...
2024-12-08 15:24:32,777 - latex_web - INFO - Starting LaTeX Web application...
2024-12-08 15:26:20,857 - latex_web - INFO - Starting LaTeX Web application...
2024-12-08 15:26:50,896 - latex_web - INFO - Starting LaTeX Web application...
2024-12-08 15:28:01,858 - latex_web - INFO - Starting LaTeX Web application...
2024-12-08 15:29:38,009 - latex_web - INFO - Starting LaTeX Web application...
2024-12-08 15:32:18,811 - latex_web - INFO - Starting LaTeX Web application...
2024-12-08 15:33:48,725 - latex_web - INFO - Starting LaTeX Web application...
2024-12-08 15:34:52,404 - latex_web - INFO - Starting LaTeX Web application...
2024-12-08 15:37:27,646 - latex_web - INFO - Starting LaTeX Web application...
2024-12-08 15:38:06,931 - latex_web - INFO - Starting LaTeX Web application...
2024-12-08 15:39:08,523 - latex_web - INFO - Starting LaTeX Web application...
2024-12-08 15:40:40,657 - latex_web - INFO - Starting LaTeX Web application...
2024-12-08 15:42:00,451 - latex_web - INFO - Starting LaTeX Web application...
2024-12-08 15:43:14,579 - latex_web - INFO - Starting LaTeX Web application...
2024-12-08 15:43:31,815 - latex_web - INFO - Starting LaTeX Web application...
2024-12-08 15:43:57,872 - latex_web - INFO - Starting LaTeX Web application...
2024-12-08 15:44:57,825 - latex_web - INFO - Starting LaTeX Web application...
2024-12-08 15:45:45,095 - latex_web - INFO - Starting LaTeX Web application...
2024-12-08 15:48:23,751 - latex_web - INFO - Starting LaTeX Web application...
2024-12-08 15:48:59,664 - latex_web - INFO - Starting LaTeX Web application...
2024-12-08 15:49:40,904 - latex_web - INFO - Starting LaTeX Web application...
2024-12-08 15:50:04,035 - latex_web - INFO - Starting LaTeX Web application...
2024-12-08 15:50:49,783 - latex_web - INFO - Starting LaTeX Web application...
2024-12-08 15:51:29,714 - latex_web - INFO - Starting LaTeX Web application...
2024-12-08 15:52:34,914 - latex_web - INFO - Starting LaTeX Web application...
2024-12-08 15:53:29,955 - latex_web - INFO - Starting LaTeX Web application...
2024-12-08 15:55:08,206 - latex_web - INFO - Starting LaTeX Web application...
2024-12-08 15:55:12,385 - latex_web - INFO - Starting LaTeX Web application...
2024-12-08 15:56:32,126 - latex_web - INFO - Starting LaTeX Web application...
2024-12-08 15:57:44,144 - latex_web - INFO - Starting LaTeX Web application...
2024-12-08 15:58:28,140 - latex_web - INFO - Starting LaTeX Web application...
2024-12-08 15:58:44,849 - latex_web - INFO - Starting LaTeX Web application...
2024-12-08 15:59:15,232 - latex_web - INFO - Starting LaTeX Web application...
2024-12-08 15:59:29,491 - latex_web - INFO - Starting LaTeX Web application...
2024-12-08 15:59:50,070 - latex_web - INFO - Starting LaTeX Web application...
2024-12-08 15:59:58,877 - latex_web - INFO - Starting LaTeX Web application...
2024-12-08 16:00:08,449 - latex_web - INFO - Starting LaTeX Web application...
2024-12-08 16:00:35,763 - latex_web - INFO - Starting LaTeX Web application...
2024-12-08 16:00:42,914 - latex_web - INFO - Starting LaTeX Web application...
2024-12-08 16:02:01,164 - latex_web - INFO - Starting LaTeX Web application...
2024-12-08 16:02:08,102 - latex_web - INFO - Starting LaTeX Web application...
2024-12-08 16:02:45,776 - latex_web - INFO - Starting LaTeX Web application...
2024-12-08 16:05:10,641 - latex_web - INFO - Starting LaTeX Web application...
2024-12-08 16:06:15,148 - latex_web - INFO - Starting LaTeX Web application...
2024-12-08 16:06:53,760 - latex_web - INFO - Starting LaTeX Web application...
2024-12-08 16:07:15,918 - latex_web - INFO - Starting LaTeX Web application...
2024-12-08 16:07:53,342 - latex_web - INFO - Starting LaTeX Web application...
2024-12-08 16:08:30,739 - latex_web - INFO - Starting LaTeX Web application...
2024-12-08 16:08:47,455 - latex_web - INFO - Starting LaTeX Web application...
2024-12-08 16:09:11,144 - latex_web - INFO - Starting LaTeX Web application...
2024-12-08 16:09:31,381 - latex_web - INFO - Starting LaTeX Web application...
2024-12-08 16:09:47,959 - latex_web - INFO - Starting LaTeX Web application...
2024-12-08 16:10:17,161 - latex_web - INFO - Starting LaTeX Web application...
2024-12-08 16:10:33,943 - latex_web - INFO - Starting LaTeX Web application...
2024-12-08 16:11:23,128 - latex_web - INFO - Starting LaTeX Web application...
2024-12-08 16:11:24,654 - latex_web - INFO - Starting LaTeX Web application...
2024-12-08 16:12:07,541 - latex_web - INFO - Starting LaTeX Web application...
2024-12-08 16:12:27,088 - latex_web - INFO - Starting LaTeX Web application...
2024-12-08 16:12:59,202 - latex_web - INFO - Starting LaTeX Web application...
2024-12-08 16:14:05,469 - latex_web - INFO - Starting LaTeX Web application...
2024-12-08 16:14:12,486 - latex_web - INFO - Starting LaTeX Web application...
2024-12-08 16:14:37,290 - latex_web - INFO - Starting LaTeX Web application...
2024-12-08 16:14:46,916 - latex_web - INFO - Starting LaTeX Web application...
2024-12-08 16:16:16,626 - latex_web - INFO - Starting LaTeX Web application...
2024-12-08 16:16:49,114 - latex_web - INFO - Starting LaTeX Web application...
2024-12-08 16:17:11,364 - latex_web - INFO - Starting LaTeX Web application...
2024-12-08 16:17:49,853 - latex_web - INFO - Starting LaTeX Web application...
2024-12-08 16:17:54,234 - latex_web - INFO - Starting LaTeX Web application...
2024-12-08 16:18:13,143 - latex_web - INFO - Starting LaTeX Web application...
2024-12-08 16:18:18,831 - latex_web - INFO - Starting LaTeX Web application...
2024-12-08 16:18:49,559 - latex_web - INFO - Starting LaTeX Web application...
2024-12-08 16:18:52,937 - latex_web - INFO - Starting LaTeX Web application...
2024-12-08 16:19:57,005 - latex_web - INFO - Starting LaTeX Web application...
2024-12-08 16:20:23,460 - latex_web - INFO - Starting LaTeX Web application...
2024-12-08 16:21:51,657 - latex_web - INFO - Starting LaTeX Web application...
2024-12-08 16:22:19,219 - latex_web - INFO - Starting LaTeX Web application...
2024-12-08 16:22:48,334 - latex_web - INFO - Starting LaTeX Web application...
2024-12-08 16:23:15,120 - latex_web - INFO - Starting LaTeX Web application...
2024-12-08 16:24:18,654 - latex_web - INFO - Starting LaTeX Web application...
2024-12-08 16:24:21,616 - latex_web - INFO - Starting LaTeX Web application...
2024-12-08 16:25:20,847 - latex_web - INFO - Starting LaTeX Web application...
2024-12-08 16:25:23,642 - latex_web - INFO - Starting LaTeX Web application...
2024-12-08 16:31:27,468 - latex_web - INFO - Starting LaTeX Web application...
2024-12-08 16:31:28,116 - latex_web - INFO - Starting LaTeX Web application...
2024-12-08 16:31:33,227 - latex_web - ERROR - Error getting papers: '/mnt/d/知识库/Obsidian Vault/Upenn学习资源/Upenn 课程/HW 8000/tex2bbox/data/papers/arXiv-2401.04925v4/paper.tex' is not in the subpath of '/mnt/d/知识库/Obsidian Vault/Upenn学习资源/Upenn 课程/HW 8000/tex2bbox/latex-web/backend/data' OR one path is relative and the other is absolute.
2024-12-08 16:32:15,124 - latex_web - INFO - Starting LaTeX Web application...
2024-12-08 16:32:44,930 - latex_web - INFO - Processing paper arXiv-2412.04472v1
2024-12-08 16:32:44,935 - latex_web - ERROR - Processing failed: 'LatexMarker' object has no attribute 'mark_file'
2024-12-08 16:33:33,967 - latex_web - INFO - Starting LaTeX Web application...
2024-12-08 16:33:36,763 - latex_web - INFO - Processing paper arXiv-2412.04472v1
2024-12-08 16:33:42,515 - latex_web - ERROR - Processing failed: cannot import name 'BBoxCalculator' from 'process_aux.bbox_calculator' (/mnt/d/知识库/Obsidian Vault/Upenn学习资源/Upenn 课程/HW 8000/tex2bbox/latex-web/backend/process_aux/bbox_calculator.py)
2024-12-08 16:34:26,146 - latex_web - INFO - Starting LaTeX Web application...
2024-12-08 16:35:44,872 - latex_web - INFO - Starting LaTeX Web application...
2024-12-08 16:37:29,927 - latex_web - INFO - Processing paper arXiv-2412.04472v1
2024-12-08 16:37:45,712 - latex_web - INFO - Successfully processed paper arXiv-2412.04472v1
2024-12-08 16:37:46,040 - latex_web - INFO - Serving marked PDF: /mnt/d/知识库/Obsidian Vault/Upenn学习资源/Upenn 课程/HW 8000/tex2bbox/latex-web/backend/visualizations/paper_marked.pdf
2024-12-08 16:46:17,403 - latex_web - INFO - Starting LaTeX Web application...
2024-12-08 16:46:18,049 - latex_web - INFO - Starting LaTeX Web application...
2024-12-08 16:46:41,710 - latex_web - INFO - Processing paper arXiv-2401.04925v4
2024-12-08 16:46:41,716 - latex_web - ERROR - Processing failed: LatexMarker.process_content() got multiple values for argument 'is_input'
2024-12-08 16:47:25,613 - latex_web - INFO - Starting LaTeX Web application...
2024-12-08 16:47:28,086 - latex_web - INFO - Processing paper arXiv-2401.04925v4
2024-12-08 16:47:28,112 - latex_web - ERROR - Processing failed: LatexCompiler.compile() got an unexpected keyword argument 'paper_id'
2024-12-08 16:47:34,202 - latex_web - INFO - Processing paper arXiv-2401.04925v4
2024-12-08 16:47:34,225 - latex_web - ERROR - Processing failed: LatexCompiler.compile() got an unexpected keyword argument 'paper_id'
2024-12-08 16:47:58,676 - latex_web - INFO - Starting LaTeX Web application...
2024-12-08 16:48:00,294 - latex_web - INFO - Processing paper arXiv-2401.04925v4
2024-12-08 16:48:07,062 - latex_web - INFO - Successfully processed paper arXiv-2401.04925v4
2024-12-08 16:48:07,385 - latex_web - INFO - Serving marked PDF: /mnt/d/知识库/Obsidian Vault/Upenn学习资源/Upenn 课程/HW 8000/tex2bbox/latex-web/backend/visualizations/paper_marked.pdf
2024-12-08 16:48:29,531 - latex_web - INFO - Processing paper arXiv-2412.04472v1
2024-12-08 16:48:46,654 - latex_web - INFO - Successfully processed paper arXiv-2412.04472v1
2024-12-08 16:48:46,697 - latex_web - INFO - Serving marked PDF: /mnt/d/知识库/Obsidian Vault/Upenn学习资源/Upenn 课程/HW 8000/tex2bbox/latex-web/backend/visualizations/paper_marked.pdf
2024-12-08 16:49:33,042 - latex_web - INFO - Starting LaTeX Web application...
2024-12-08 16:49:33,494 - latex_web - INFO - Processing paper arXiv-2412.04472v1
2024-12-08 16:49:50,180 - latex_web - INFO - Successfully processed paper arXiv-2412.04472v1
2024-12-08 16:49:50,537 - latex_web - INFO - Serving marked PDF: /mnt/d/知识库/Obsidian Vault/Upenn学习资源/Upenn 课程/HW 8000/tex2bbox/latex-web/backend/visualizations/paper_marked.pdf
2024-12-08 16:51:38,033 - latex_web - INFO - Starting LaTeX Web application...
2024-12-08 16:51:40,972 - latex_web - INFO - Processing paper arXiv-2412.04472v1
2024-12-08 16:51:56,856 - latex_web - INFO - Successfully processed paper arXiv-2412.04472v1
2024-12-08 16:51:57,219 - latex_web - INFO - Serving marked PDF: /mnt/d/知识库/Obsidian Vault/Upenn学习资源/Upenn 课程/HW 8000/tex2bbox/latex-web/backend/visualizations/paper_marked.pdf
2024-12-08 16:52:37,733 - latex_web - INFO - Starting LaTeX Web application...
2024-12-08 16:52:39,938 - latex_web - INFO - Processing paper arXiv-2412.04472v1
2024-12-08 16:52:55,980 - latex_web - INFO - Successfully processed paper arXiv-2412.04472v1
2024-12-08 16:52:56,347 - latex_web - INFO - Serving marked PDF: /mnt/d/知识库/Obsidian Vault/Upenn学习资源/Upenn 课程/HW 8000/tex2bbox/latex-web/backend/visualizations/paper_marked.pdf
2024-12-08 16:53:50,414 - latex_web - INFO - Processing paper arXiv-2401.04925v4
2024-12-08 16:53:55,921 - latex_web - INFO - Successfully processed paper arXiv-2401.04925v4
2024-12-08 16:53:55,994 - latex_web - INFO - Serving marked PDF: /mnt/d/知识库/Obsidian Vault/Upenn学习资源/Upenn 课程/HW 8000/tex2bbox/latex-web/backend/visualizations/paper_marked.pdf
2024-12-08 17:07:01,697 - latex_web - INFO - Starting LaTeX Web application...
2024-12-08 17:07:18,164 - latex_web - INFO - Processing paper arXiv-2401.04925v4
2024-12-08 17:07:21,151 - latex_web - ERROR - Processing failed: AUX file not found
2024-12-08 17:08:29,169 - latex_web - INFO - Starting LaTeX Web application...
2024-12-08 17:08:50,264 - latex_web - INFO - Starting LaTeX Web application...
2024-12-08 17:08:53,503 - latex_web - INFO - Processing paper arXiv-2401.04925v4
2024-12-08 17:08:57,150 - latex_web - ERROR - Processing failed: AUX file not found
2024-12-08 17:09:37,078 - latex_web - INFO - Starting LaTeX Web application...
2024-12-08 17:09:41,541 - latex_web - INFO - Starting LaTeX Web application...
2024-12-08 17:10:14,824 - latex_web - INFO - Starting LaTeX Web application...
2024-12-08 17:10:25,271 - latex_web - INFO - Starting LaTeX Web application...
2024-12-08 17:11:02,321 - latex_web - INFO - Starting LaTeX Web application...
2024-12-08 17:11:04,703 - latex_web - INFO - Processing paper arXiv-2401.04925v4
2024-12-08 17:11:12,493 - latex_web - ERROR - Processing failed: Failed to create marked PDF
2024-12-08 17:11:53,949 - latex_web - INFO - Starting LaTeX Web application...
2024-12-08 17:12:25,891 - latex_web - INFO - Starting LaTeX Web application...
2024-12-08 17:12:27,883 - latex_web - INFO - Processing paper arXiv-2401.04925v4
2024-12-08 17:12:34,854 - latex_web - ERROR - Processing failed: Failed to create marked PDF
2024-12-08 17:13:26,056 - latex_web - INFO - Starting LaTeX Web application...
2024-12-08 17:13:28,431 - latex_web - INFO - Processing paper arXiv-2401.04925v4
2024-12-08 17:13:35,327 - latex_web - INFO - Successfully processed paper arXiv-2401.04925v4
2024-12-08 17:13:35,686 - latex_web - WARNING - No marked PDF found for paper arXiv-2401.04925v4
2024-12-08 17:14:06,772 - latex_web - INFO - Processing paper arXiv-2401.04925v4
2024-12-08 17:14:12,313 - latex_web - INFO - Successfully processed paper arXiv-2401.04925v4
2024-12-08 17:14:12,328 - latex_web - WARNING - No marked PDF found for paper arXiv-2401.04925v4
2024-12-08 17:14:45,863 - latex_web - INFO - Starting LaTeX Web application...
2024-12-08 17:14:47,903 - latex_web - INFO - Processing paper arXiv-2401.04925v4
2024-12-08 17:14:55,254 - latex_web - INFO - Successfully processed paper arXiv-2401.04925v4
2024-12-08 17:14:55,576 - latex_web - INFO - Serving marked PDF: /mnt/d/知识库/Obsidian Vault/Upenn学习资源/Upenn 课程/HW 8000/tex2bbox/latex-web/backend/visualizations/arXiv-2401.04925v4/paper_marked.pdf
2024-12-08 17:17:23,765 - latex_web - INFO - Starting LaTeX Web application...
2024-12-08 17:17:36,193 - latex_web - INFO - Processing paper arXiv-2401.04925v4
2024-12-08 17:17:43,067 - latex_web - INFO - Successfully processed paper arXiv-2401.04925v4
2024-12-08 17:17:43,389 - latex_web - INFO - Serving marked PDF: /mnt/d/知识库/Obsidian Vault/Upenn学习资源/Upenn 课程/HW 8000/tex2bbox/latex-web/backend/visualizations/arXiv-2401.04925v4/paper_marked.pdf
2024-12-08 17:18:37,428 - latex_web - WARNING - No annotations found for paper arXiv-2412.04472v1
2024-12-08 17:18:39,530 - latex_web - WARNING - No annotations found for paper arXiv-2412.04472v1
2024-12-08 17:23:12,493 - latex_web - INFO - Processing paper arXiv-2401.04925v4
2024-12-08 17:23:19,664 - latex_web - INFO - Successfully processed paper arXiv-2401.04925v4
2024-12-08 17:23:19,984 - latex_web - INFO - Serving marked PDF: /mnt/d/知识库/Obsidian Vault/Upenn学习资源/Upenn 课程/HW 8000/tex2bbox/latex-web/backend/visualizations/arXiv-2401.04925v4/paper_marked.pdf
2024-12-08 17:43:20,497 - latex_web - INFO - Starting LaTeX Web application...
2024-12-08 17:43:20,781 - latex_web - INFO - Starting LaTeX Web application...
2024-12-08 17:43:30,471 - latex_web - INFO - Processing paper arXiv-2412.04472v1
2024-12-08 17:43:44,743 - latex_web - INFO - Successfully processed paper arXiv-2412.04472v1
2024-12-08 17:43:45,057 - latex_web - INFO - Serving marked PDF: /mnt/d/知识库/Obsidian Vault/Upenn学习资源/Upenn 课程/HW 8000/tex2bbox/latex-web/backend/visualizations/arXiv-2412.04472v1/paper_marked.pdf
2024-12-08 17:44:47,824 - latex_web - INFO - Starting LaTeX Web application...
2024-12-08 17:45:20,079 - latex_web - INFO - Processing paper arXiv-2412.04472v1
2024-12-08 17:45:34,978 - latex_web - INFO - Successfully processed paper arXiv-2412.04472v1
2024-12-08 17:50:12,155 - latex_web - INFO - Processing paper arXiv-2401.04925v4
2024-12-08 17:50:17,697 - latex_web - INFO - Successfully processed paper arXiv-2401.04925v4
2024-12-08 17:50:18,010 - latex_web - INFO - Serving marked PDF: /mnt/d/知识库/Obsidian Vault/Upenn学习资源/Upenn 课程/HW 8000/tex2bbox/latex-web/backend/visualizations/arXiv-2401.04925v4/paper_marked.pdf
2024-12-08 17:51:07,088 - latex_web - INFO - Processing paper arXiv-2412.04472v1
2024-12-08 17:51:22,803 - latex_web - INFO - Successfully processed paper arXiv-2412.04472v1
2024-12-08 17:51:22,828 - latex_web - INFO - Serving marked PDF: /mnt/d/知识库/Obsidian Vault/Upenn学习资源/Upenn 课程/HW 8000/tex2bbox/latex-web/backend/visualizations/arXiv-2412.04472v1/paper_marked.pdf
2024-12-08 17:52:16,846 - latex_web - INFO - Starting LaTeX Web application...
2024-12-08 17:52:23,484 - latex_web - INFO - Processing paper arXiv-2401.04925v4
2024-12-08 17:52:30,904 - latex_web - INFO - Successfully processed paper arXiv-2401.04925v4
2024-12-08 17:52:31,215 - latex_web - INFO - Serving marked PDF: /mnt/d/知识库/Obsidian Vault/Upenn学习资源/Upenn 课程/HW 8000/tex2bbox/latex-web/backend/visualizations/arXiv-2401.04925v4/paper_marked.pdf
2024-12-08 17:52:35,926 - latex_web - INFO - Processing paper arXiv-2401.04925v4
2024-12-08 17:52:42,801 - latex_web - INFO - Successfully processed paper arXiv-2401.04925v4
2024-12-08 17:52:42,839 - latex_web - INFO - Serving marked PDF: /mnt/d/知识库/Obsidian Vault/Upenn学习资源/Upenn 课程/HW 8000/tex2bbox/latex-web/backend/visualizations/arXiv-2401.04925v4/paper_marked.pdf
2024-12-08 17:53:27,733 - latex_web - INFO - Starting LaTeX Web application...
2024-12-08 17:53:28,983 - latex_web - INFO - Processing paper arXiv-2401.04925v4
2024-12-08 17:53:35,108 - latex_web - INFO - Successfully processed paper arXiv-2401.04925v4
2024-12-08 17:53:35,447 - latex_web - INFO - Serving marked PDF: /mnt/d/知识库/Obsidian Vault/Upenn学习资源/Upenn 课程/HW 8000/tex2bbox/latex-web/backend/visualizations/arXiv-2401.04925v4/paper_marked.pdf
2024-12-08 17:53:46,477 - latex_web - INFO - Processing paper arXiv-2412.04472v1
2024-12-08 17:54:02,396 - latex_web - INFO - Successfully processed paper arXiv-2412.04472v1
2024-12-08 17:54:02,404 - latex_web - INFO - Serving marked PDF: /mnt/d/知识库/Obsidian Vault/Upenn学习资源/Upenn 课程/HW 8000/tex2bbox/latex-web/backend/visualizations/arXiv-2412.04472v1/paper_marked.pdf
2024-12-08 17:54:23,408 - latex_web - INFO - Processing paper arXiv-2401.04925v4
2024-12-08 17:54:28,955 - latex_web - INFO - Successfully processed paper arXiv-2401.04925v4
2024-12-08 17:54:29,316 - latex_web - INFO - Serving marked PDF: /mnt/d/知识库/Obsidian Vault/Upenn学习资源/Upenn 课程/HW 8000/tex2bbox/latex-web/backend/visualizations/arXiv-2401.04925v4/paper_marked.pdf
2024-12-08 17:55:30,731 - latex_web - INFO - Starting LaTeX Web application...
2024-12-08 17:55:41,920 - latex_web - INFO - Processing paper arXiv-2412.04472v1
2024-12-08 17:55:56,008 - latex_web - INFO - Successfully processed paper arXiv-2412.04472v1
2024-12-08 17:56:52,487 - latex_web - INFO - Starting LaTeX Web application...
2024-12-08 17:57:01,030 - latex_web - INFO - Processing paper arXiv-2401.04925v4
2024-12-08 17:57:08,417 - latex_web - INFO - Successfully processed paper arXiv-2401.04925v4
2024-12-08 17:57:42,209 - latex_web - INFO - Starting LaTeX Web application...
2024-12-08 17:58:10,251 - latex_web - INFO - Starting LaTeX Web application...
2024-12-08 17:58:13,145 - latex_web - INFO - Processing paper arXiv-2401.04925v4
2024-12-08 17:58:19,079 - latex_web - INFO - Successfully processed paper arXiv-2401.04925v4
2024-12-08 17:58:19,079 - latex_web - INFO - Successfully processed paper arXiv-2401.04925v4
2024-12-08 17:58:45,878 - latex_web - INFO - Starting LaTeX Web application...
2024-12-08 17:58:54,893 - latex_web - INFO - Processing paper arXiv-2401.04925v4
2024-12-08 17:59:02,166 - latex_web - INFO - Successfully processed paper arXiv-2401.04925v4
2024-12-08 17:59:02,491 - latex_web - INFO - Serving marked PDF: /mnt/d/知识库/Obsidian Vault/Upenn学习资源/Upenn 课程/HW 8000/tex2bbox/latex-web/backend/visualizations/arXiv-2401.04925v4/paper_marked.pdf
2024-12-08 17:59:13,860 - latex_web - INFO - Starting LaTeX Web application...
2024-12-08 17:59:17,734 - latex_web - INFO - Processing paper arXiv-2401.04925v4
2024-12-08 17:59:24,087 - latex_web - INFO - Successfully processed paper arXiv-2401.04925v4
2024-12-08 17:59:24,087 - latex_web - INFO - Successfully processed paper arXiv-2401.04925v4
2024-12-08 17:59:24,400 - latex_web - INFO - Serving marked PDF: /mnt/d/知识库/Obsidian Vault/Upenn学习资源/Upenn 课程/HW 8000/tex2bbox/latex-web/backend/visualizations/arXiv-2401.04925v4/paper_marked.pdf
2024-12-08 17:59:24,400 - latex_web - INFO - Serving marked PDF: /mnt/d/知识库/Obsidian Vault/Upenn学习资源/Upenn 课程/HW 8000/tex2bbox/latex-web/backend/visualizations/arXiv-2401.04925v4/paper_marked.pdf
2024-12-08 18:00:06,888 - latex_web - INFO - Starting LaTeX Web application...
2024-12-08 18:00:13,176 - latex_web - INFO - Processing paper arXiv-2401.04925v4
2024-12-08 18:00:19,137 - latex_web - INFO - Successfully processed paper arXiv-2401.04925v4
2024-12-08 18:00:19,137 - latex_web - INFO - Successfully processed paper arXiv-2401.04925v4
2024-12-08 18:00:19,478 - latex_web - INFO - Serving marked PDF: /mnt/d/知识库/Obsidian Vault/Upenn学习资源/Upenn 课程/HW 8000/tex2bbox/latex-web/backend/visualizations/arXiv-2401.04925v4/paper_marked.pdf
2024-12-08 18:00:19,478 - latex_web - INFO - Serving marked PDF: /mnt/d/知识库/Obsidian Vault/Upenn学习资源/Upenn 课程/HW 8000/tex2bbox/latex-web/backend/visualizations/arXiv-2401.04925v4/paper_marked.pdf
2024-12-08 18:00:55,915 - latex_web - INFO - Processing paper arXiv-2401.04925v4
2024-12-08 18:00:55,915 - latex_web - INFO - Processing paper arXiv-2401.04925v4
2024-12-08 18:01:01,114 - latex_web - INFO - Successfully processed paper arXiv-2401.04925v4
2024-12-08 18:01:01,114 - latex_web - INFO - Successfully processed paper arXiv-2401.04925v4
2024-12-08 18:01:01,144 - latex_web - INFO - Serving marked PDF: /mnt/d/知识库/Obsidian Vault/Upenn学习资源/Upenn 课程/HW 8000/tex2bbox/latex-web/backend/visualizations/arXiv-2401.04925v4/paper_marked.pdf
2024-12-08 18:01:01,144 - latex_web - INFO - Serving marked PDF: /mnt/d/知识库/Obsidian Vault/Upenn学习资源/Upenn 课程/HW 8000/tex2bbox/latex-web/backend/visualizations/arXiv-2401.04925v4/paper_marked.pdf
2024-12-08 18:01:19,210 - latex_web - INFO - Starting LaTeX Web application...
2024-12-08 18:01:40,329 - latex_web - INFO - Processing paper arXiv-2401.04925v4
2024-12-08 18:01:46,074 - latex_web - INFO - Successfully processed paper arXiv-2401.04925v4
2024-12-08 18:01:46,415 - latex_web - INFO - Serving marked PDF: /mnt/d/知识库/Obsidian Vault/Upenn学习资源/Upenn 课程/HW 8000/tex2bbox/latex-web/backend/visualizations/arXiv-2401.04925v4/paper_marked.pdf
2024-12-08 18:03:04,144 - latex_web - INFO - Processing paper arXiv-2401.04925v4
2024-12-08 18:03:09,521 - latex_web - INFO - Successfully processed paper arXiv-2401.04925v4
2024-12-08 18:03:09,867 - latex_web - INFO - Serving marked PDF: /mnt/d/知识库/Obsidian Vault/Upenn学习资源/Upenn 课程/HW 8000/tex2bbox/latex-web/backend/visualizations/arXiv-2401.04925v4/paper_marked.pdf
2024-12-08 18:03:21,290 - latex_web - INFO - Processing paper arXiv-2412.04472v1
2024-12-08 18:03:36,527 - latex_web - INFO - Successfully processed paper arXiv-2412.04472v1
2024-12-08 18:03:36,535 - latex_web - INFO - Serving marked PDF: /mnt/d/知识库/Obsidian Vault/Upenn学习资源/Upenn 课程/HW 8000/tex2bbox/latex-web/backend/visualizations/arXiv-2412.04472v1/paper_marked.pdf
2024-12-08 18:04:00,890 - latex_web - INFO - Processing paper arXiv-2412.04472v1
2024-12-08 18:04:15,749 - latex_web - INFO - Successfully processed paper arXiv-2412.04472v1
2024-12-08 18:04:16,096 - latex_web - INFO - Serving marked PDF: /mnt/d/知识库/Obsidian Vault/Upenn学习资源/Upenn 课程/HW 8000/tex2bbox/latex-web/backend/visualizations/arXiv-2412.04472v1/paper_marked.pdf
2024-12-08 18:04:30,966 - latex_web - INFO - Processing paper arXiv-2401.04925v4
2024-12-08 18:04:37,180 - latex_web - INFO - Successfully processed paper arXiv-2401.04925v4
2024-12-08 18:04:37,493 - latex_web - INFO - Serving marked PDF: /mnt/d/知识库/Obsidian Vault/Upenn学习资源/Upenn 课程/HW 8000/tex2bbox/latex-web/backend/visualizations/arXiv-2401.04925v4/paper_marked.pdf
2024-12-08 18:04:43,995 - latex_web - INFO - Processing paper arXiv-2401.04925v4
2024-12-08 18:04:50,032 - latex_web - INFO - Successfully processed paper arXiv-2401.04925v4
2024-12-08 18:05:06,359 - latex_web - INFO - Processing paper arXiv-2412.04472v1
2024-12-08 18:05:21,683 - latex_web - INFO - Successfully processed paper arXiv-2412.04472v1
2024-12-08 18:05:21,692 - latex_web - INFO - Serving marked PDF: /mnt/d/知识库/Obsidian Vault/Upenn学习资源/Upenn 课程/HW 8000/tex2bbox/latex-web/backend/visualizations/arXiv-2412.04472v1/paper_marked.pdf
2024-12-08 18:05:42,851 - latex_web - INFO - Starting LaTeX Web application...
2024-12-08 18:20:30,556 - latex_web - INFO - Processing paper arXiv-2401.04925v4
2024-12-08 18:20:36,369 - latex_web - INFO - Successfully processed paper arXiv-2401.04925v4
2024-12-08 18:20:38,348 - latex_web - INFO - Serving marked PDF: /mnt/d/知识库/Obsidian Vault/Upenn学习资源/Upenn 课程/HW 8000/tex2bbox/latex-web/backend/visualizations/arXiv-2401.04925v4/paper_marked.pdf
2024-12-08 18:20:50,752 - latex_web - INFO - Processing paper arXiv-2412.04472v1
2024-12-08 18:21:04,400 - latex_web - INFO - Successfully processed paper arXiv-2412.04472v1
2024-12-08 18:21:04,430 - latex_web - INFO - Serving marked PDF: /mnt/d/知识库/Obsidian Vault/Upenn学习资源/Upenn 课程/HW 8000/tex2bbox/latex-web/backend/visualizations/arXiv-2412.04472v1/paper_marked.pdf
2024-12-08 18:22:42,857 - latex_web - INFO - Processing paper arXiv-2412.04472v1
2024-12-08 18:22:56,613 - latex_web - INFO - Successfully processed paper arXiv-2412.04472v1
2024-12-08 18:22:56,975 - latex_web - INFO - Serving marked PDF: /mnt/d/知识库/Obsidian Vault/Upenn学习资源/Upenn 课程/HW 8000/tex2bbox/latex-web/backend/visualizations/arXiv-2412.04472v1/paper_marked.pdf
2024-12-08 18:24:11,431 - latex_web - INFO - Processing paper arXiv-2412.04472v1
2024-12-08 18:24:26,267 - latex_web - INFO - Successfully processed paper arXiv-2412.04472v1
2024-12-08 18:24:26,592 - latex_web - INFO - Serving marked PDF: /mnt/d/知识库/Obsidian Vault/Upenn学习资源/Upenn 课程/HW 8000/tex2bbox/latex-web/backend/visualizations/arXiv-2412.04472v1/paper_marked.pdf
2024-12-08 18:25:03,068 - latex_web - INFO - Processing paper arXiv-2412.04472v1
2024-12-08 18:25:18,054 - latex_web - INFO - Successfully processed paper arXiv-2412.04472v1
2024-12-08 18:25:33,754 - latex_web - INFO - Processing paper arXiv-2401.04925v4
2024-12-08 18:25:39,688 - latex_web - INFO - Successfully processed paper arXiv-2401.04925v4
2024-12-08 18:25:41,776 - latex_web - INFO - Serving marked PDF: /mnt/d/知识库/Obsidian Vault/Upenn学习资源/Upenn 课程/HW 8000/tex2bbox/latex-web/backend/visualizations/arXiv-2401.04925v4/paper_marked.pdf
2024-12-08 18:27:43,061 - latex_web - INFO - Processing paper arXiv-2412.04472v1
2024-12-08 18:27:57,216 - latex_web - INFO - Successfully processed paper arXiv-2412.04472v1
2024-12-08 18:27:57,532 - latex_web - INFO - Serving marked PDF: /mnt/d/知识库/Obsidian Vault/Upenn学习资源/Upenn 课程/HW 8000/tex2bbox/latex-web/backend/visualizations/arXiv-2412.04472v1/paper_marked.pdf
2024-12-08 18:28:11,767 - latex_web - INFO - Processing paper arXiv-2401.04925v4
2024-12-08 18:28:17,334 - latex_web - INFO - Successfully processed paper arXiv-2401.04925v4
2024-12-08 18:28:20,274 - latex_web - INFO - Serving marked PDF: /mnt/d/知识库/Obsidian Vault/Upenn学习资源/Upenn 课程/HW 8000/tex2bbox/latex-web/backend/visualizations/arXiv-2401.04925v4/paper_marked.pdf
2024-12-08 18:29:03,805 - latex_web - INFO - Processing paper arXiv-2401.04925v4
2024-12-08 18:29:09,253 - latex_web - INFO - Successfully processed paper arXiv-2401.04925v4
2024-12-08 18:29:11,845 - latex_web - INFO - Serving marked PDF: /mnt/d/知识库/Obsidian Vault/Upenn学习资源/Upenn 课程/HW 8000/tex2bbox/latex-web/backend/visualizations/arXiv-2401.04925v4/paper_marked.pdf
2024-12-08 18:29:28,578 - latex_web - INFO - Processing paper arXiv-2401.04925v4
2024-12-08 18:29:34,380 - latex_web - INFO - Successfully processed paper arXiv-2401.04925v4
2024-12-08 18:29:34,692 - latex_web - INFO - Processing paper arXiv-2401.04925v4
2024-12-08 18:29:40,239 - latex_web - INFO - Successfully processed paper arXiv-2401.04925v4
2024-12-08 18:29:42,226 - latex_web - INFO - Serving marked PDF: /mnt/d/知识库/Obsidian Vault/Upenn学习资源/Upenn 课程/HW 8000/tex2bbox/latex-web/backend/visualizations/arXiv-2401.04925v4/paper_marked.pdf
